# JRE version: Java(TM) SE Runtime Environment (17.0.9+11) (build 17.0.9+11-LTS-201)
# Java VM: Java HotSpot(TM) 64-Bit Server VM (17.0.9+11-LTS-201, mixed mode, sharing, tiered, compressed oops, compressed class ptrs, g1 gc, windows-amd64)
GC Precious Log:
 CPUs: 8 total, 8 available
 Memory: 7971M
 Large Page Support: Disabled
 NUMA Support: Disabled
 Compressed Oops: Enabled (32-bit)
 Heap Region Size: 1M
 Heap Min Capacity: 8M
 Heap Initial Capacity: 126M
 Heap Max Capacity: 1994M
 Pre-touch: Disabled
 Parallel Workers: 8
 Concurrent Workers: 2
 Concurrent Refinement Workers: 8
 Periodic GC: Disabled
Heap:
 garbage-first heap   total 65536K, used 35313K [0x0000000083600000, 0x0000000100000000)
  region size 1024K, 16 young (16384K), 3 survivors (3072K)
 Metaspace       used 46940K, committed 47360K, reserved 1114112K
  class space    used 6216K, committed 6400K, reserved 1048576K
GC Heap History (20 events):
Event: 7.324 GC heap before
{Heap before GC invocations=0 (full 0):
 garbage-first heap   total 129024K, used 23552K [0x0000000083600000, 0x0000000100000000)
  region size 1024K, 23 young (23552K), 0 survivors (0K)
 Metaspace       used 6013K, committed 6144K, reserved 1114112K
  class space    used 712K, committed 768K, reserved 1048576K
}
Event: 7.343 GC heap after
{Heap after GC invocations=1 (full 0):
 garbage-first heap   total 129024K, used 7542K [0x0000000083600000, 0x0000000100000000)
  region size 1024K, 3 young (3072K), 3 survivors (3072K)
 Metaspace       used 6013K, committed 6144K, reserved 1114112K
  class space    used 712K, committed 768K, reserved 1048576K
}
Event: 15.540 GC heap before
{Heap before GC invocations=1 (full 0):
 garbage-first heap   total 129024K, used 33142K [0x0000000083600000, 0x0000000100000000)
  region size 1024K, 28 young (28672K), 3 survivors (3072K)
 Metaspace       used 11981K, committed 12224K, reserved 1114112K
  class space    used 1603K, committed 1728K, reserved 1048576K
}
Event: 15.550 GC heap after
{Heap after GC invocations=2 (full 0):
 garbage-first heap   total 129024K, used 9619K [0x0000000083600000, 0x0000000100000000)
  region size 1024K, 2 young (2048K), 2 survivors (2048K)
 Metaspace       used 11981K, committed 12224K, reserved 1114112K
  class space    used 1603K, committed 1728K, reserved 1048576K
}
Event: 24.476 GC heap before
{Heap before GC invocations=2 (full 0):
 garbage-first heap   total 129024K, used 60819K [0x0000000083600000, 0x0000000100000000)
  region size 1024K, 53 young (54272K), 2 survivors (2048K)
 Metaspace       used 21329K, committed 21504K, reserved 1114112K
  class space    used 2720K, committed 2816K, reserved 1048576K
}
Event: 24.494 GC heap after
{Heap after GC invocations=3 (full 0):
 garbage-first heap   total 129024K, used 14538K [0x0000000083600000, 0x0000000100000000)
  region size 1024K, 7 young (7168K), 7 survivors (7168K)
 Metaspace       used 21329K, committed 21504K, reserved 1114112K
  class space    used 2720K, committed 2816K, reserved 1048576K
}
Event: 34.744 GC heap before
{Heap before GC invocations=4 (full 0):
 garbage-first heap   total 65536K, used 46282K [0x0000000083600000, 0x0000000100000000)
  region size 1024K, 38 young (38912K), 7 survivors (7168K)
 Metaspace       used 25818K, committed 26240K, reserved 1114112K
  class space    used 3339K, committed 3520K, reserved 1048576K
}
Event: 34.783 GC heap after
{Heap after GC invocations=5 (full 0):
 garbage-first heap   total 65536K, used 16402K [0x0000000083600000, 0x0000000100000000)
  region size 1024K, 3 young (3072K), 3 survivors (3072K)
 Metaspace       used 25818K, committed 26240K, reserved 1114112K
  class space    used 3339K, committed 3520K, reserved 1048576K
}
Event: 35.027 GC heap before
{Heap before GC invocations=5 (full 0):
 garbage-first heap   total 65536K, used 17426K [0x0000000083600000, 0x0000000100000000)
  region size 1024K, 4 young (4096K), 3 survivors (3072K)
 Metaspace       used 25881K, committed 26240K, reserved 1114112K
  class space    used 3347K, committed 3520K, reserved 1048576K
}
Event: 35.038 GC heap after
{Heap after GC invocations=6 (full 0):
 garbage-first heap   total 65536K, used 16838K [0x0000000083600000, 0x0000000100000000)
  region size 1024K, 1 young (1024K), 1 survivors (1024K)
 Metaspace       used 25881K, committed 26240K, reserved 1114112K
  class space    used 3347K, committed 3520K, reserved 1048576K
}
Event: 43.796 GC heap before
{Heap before GC invocations=6 (full 0):
 garbage-first heap   total 65536K, used 44486K [0x0000000083600000, 0x0000000100000000)
  region size 1024K, 29 young (29696K), 1 survivors (1024K)
 Metaspace       used 31309K, committed 31744K, reserved 1114112K
  class space    used 4081K, committed 4288K, reserved 1048576K
}
Event: 43.816 GC heap after
{Heap after GC invocations=7 (full 0):
 garbage-first heap   total 65536K, used 19059K [0x0000000083600000, 0x0000000100000000)
  region size 1024K, 3 young (3072K), 3 survivors (3072K)
 Metaspace       used 31309K, committed 31744K, reserved 1114112K
  class space    used 4081K, committed 4288K, reserved 1048576K
}
Event: 76.353 GC heap before
{Heap before GC invocations=7 (full 0):
 garbage-first heap   total 65536K, used 44659K [0x0000000083600000, 0x0000000100000000)
  region size 1024K, 29 young (29696K), 3 survivors (3072K)
 Metaspace       used 35945K, committed 36288K, reserved 1114112K
  class space    used 4768K, committed 4928K, reserved 1048576K
}
Event: 76.880 GC heap after
{Heap after GC invocations=8 (full 0):
 garbage-first heap   total 65536K, used 20422K [0x0000000083600000, 0x0000000100000000)
  region size 1024K, 2 young (2048K), 2 survivors (2048K)
 Metaspace       used 35945K, committed 36288K, reserved 1114112K
  class space    used 4768K, committed 4928K, reserved 1048576K
}
Event: 79.577 GC heap before
{Heap before GC invocations=9 (full 0):
 garbage-first heap   total 65536K, used 21446K [0x0000000083600000, 0x0000000100000000)
  region size 1024K, 3 young (3072K), 2 survivors (2048K)
 Metaspace       used 36131K, committed 36544K, reserved 1114112K
  class space    used 4799K, committed 4992K, reserved 1048576K
}
Event: 79.580 GC heap after
{Heap after GC invocations=10 (full 0):
 garbage-first heap   total 65536K, used 20794K [0x0000000083600000, 0x0000000100000000)
  region size 1024K, 1 young (1024K), 1 survivors (1024K)
 Metaspace       used 36131K, committed 36544K, reserved 1114112K
  class space    used 4799K, committed 4992K, reserved 1048576K
}
Event: 84.214 GC heap before
{Heap before GC invocations=10 (full 0):
 garbage-first heap   total 65536K, used 21818K [0x0000000083600000, 0x0000000100000000)
  region size 1024K, 3 young (3072K), 1 survivors (1024K)
 Metaspace       used 36540K, committed 36928K, reserved 1114112K
  class space    used 4883K, committed 5056K, reserved 1048576K
}
Event: 84.315 GC heap after
{Heap after GC invocations=11 (full 0):
 garbage-first heap   total 65536K, used 20246K [0x0000000083600000, 0x0000000100000000)
  region size 1024K, 1 young (1024K), 1 survivors (1024K)
 Metaspace       used 36540K, committed 36928K, reserved 1114112K
  class space    used 4883K, committed 5056K, reserved 1048576K
}
Event: 115.805 GC heap before
{Heap before GC invocations=11 (full 0):
 garbage-first heap   total 65536K, used 48918K [0x0000000083600000, 0x0000000100000000)
  region size 1024K, 29 young (29696K), 1 survivors (1024K)
 Metaspace       used 44263K, committed 44672K, reserved 1114112K
  class space    used 5915K, committed 6080K, reserved 1048576K
}
Event: 115.828 GC heap after
{Heap after GC invocations=12 (full 0):
 garbage-first heap   total 65536K, used 23025K [0x0000000083600000, 0x0000000100000000)
  region size 1024K, 3 young (3072K), 3 survivors (3072K)
 Metaspace       used 44263K, committed 44672K, reserved 1114112K
  class space    used 5915K, committed 6080K, reserved 1048576K
}

