# JRE version: Java(TM) SE Runtime Environment (17.0.9+11) (build 17.0.9+11-LTS-201)
# Java VM: Java HotSpot(TM) 64-Bit Server VM (17.0.9+11-LTS-201, mixed mode, sharing, tiered, compressed oops, compressed class ptrs, g1 gc, windows-amd64)
GC Precious Log:
 CPUs: 8 total, 8 available
 Memory: 7971M
 Large Page Support: Disabled
 NUMA Support: Disabled
 Compressed Oops: Enabled (32-bit)
 Heap Region Size: 1M
 Heap Min Capacity: 8M
 Heap Initial Capacity: 126M
 Heap Max Capacity: 1994M
 Pre-touch: Disabled
 Parallel Workers: 8
 Concurrent Workers: 2
 Concurrent Refinement Workers: 8
 Periodic GC: Disabled
Heap:
 garbage-first heap   total 58368K, used 35015K [0x0000000083600000, 0x0000000100000000)
  region size 1024K, 13 young (13312K), 2 survivors (2048K)
 Metaspace       used 55300K, committed 55744K, reserved 1114112K
  class space    used 7592K, committed 7808K, reserved 1048576K
GC Heap History (20 events):
Event: 8.253 GC heap before
{Heap before GC invocations=1 (full 0):
 garbage-first heap   total 129024K, used 31183K [0x0000000083600000, 0x0000000100000000)
  region size 1024K, 27 young (27648K), 3 survivors (3072K)
 Metaspace       used 11777K, committed 11968K, reserved 1114112K
  class space    used 1558K, committed 1664K, reserved 1048576K
}
Event: 8.262 GC heap after
{Heap after GC invocations=2 (full 0):
 garbage-first heap   total 129024K, used 9472K [0x0000000083600000, 0x0000000100000000)
  region size 1024K, 2 young (2048K), 2 survivors (2048K)
 Metaspace       used 11777K, committed 11968K, reserved 1114112K
  class space    used 1558K, committed 1664K, reserved 1048576K
}
Event: 17.622 GC heap before
{Heap before GC invocations=2 (full 0):
 garbage-first heap   total 129024K, used 60672K [0x0000000083600000, 0x0000000100000000)
  region size 1024K, 53 young (54272K), 2 survivors (2048K)
 Metaspace       used 21248K, committed 21504K, reserved 1114112K
  class space    used 2702K, committed 2816K, reserved 1048576K
}
Event: 17.645 GC heap after
{Heap after GC invocations=3 (full 0):
 garbage-first heap   total 129024K, used 14385K [0x0000000083600000, 0x0000000100000000)
  region size 1024K, 7 young (7168K), 7 survivors (7168K)
 Metaspace       used 21248K, committed 21504K, reserved 1114112K
  class space    used 2702K, committed 2816K, reserved 1048576K
}
Event: 28.634 GC heap before
{Heap before GC invocations=4 (full 0):
 garbage-first heap   total 58368K, used 42033K [0x0000000083600000, 0x0000000100000000)
  region size 1024K, 34 young (34816K), 7 survivors (7168K)
 Metaspace       used 24541K, committed 24768K, reserved 1114112K
  class space    used 3167K, committed 3264K, reserved 1048576K
}
Event: 28.662 GC heap after
{Heap after GC invocations=5 (full 0):
 garbage-first heap   total 58368K, used 15702K [0x0000000083600000, 0x0000000100000000)
  region size 1024K, 2 young (2048K), 2 survivors (2048K)
 Metaspace       used 24541K, committed 24768K, reserved 1114112K
  class space    used 3167K, committed 3264K, reserved 1048576K
}
Event: 29.171 GC heap before
{Heap before GC invocations=5 (full 0):
 garbage-first heap   total 58368K, used 16726K [0x0000000083600000, 0x0000000100000000)
  region size 1024K, 3 young (3072K), 2 survivors (2048K)
 Metaspace       used 24740K, committed 25024K, reserved 1114112K
  class space    used 3196K, committed 3328K, reserved 1048576K
}
Event: 29.183 GC heap after
{Heap after GC invocations=6 (full 0):
 garbage-first heap   total 58368K, used 16333K [0x0000000083600000, 0x0000000100000000)
  region size 1024K, 1 young (1024K), 1 survivors (1024K)
 Metaspace       used 24740K, committed 25024K, reserved 1114112K
  class space    used 3196K, committed 3328K, reserved 1048576K
}
Event: 35.547 GC heap before
{Heap before GC invocations=6 (full 0):
 garbage-first heap   total 58368K, used 39885K [0x0000000083600000, 0x0000000100000000)
  region size 1024K, 24 young (24576K), 1 survivors (1024K)
 Metaspace       used 28671K, committed 29056K, reserved 1114112K
  class space    used 3790K, committed 3968K, reserved 1048576K
}
Event: 35.564 GC heap after
{Heap after GC invocations=7 (full 0):
 garbage-first heap   total 58368K, used 18203K [0x0000000083600000, 0x0000000100000000)
  region size 1024K, 3 young (3072K), 3 survivors (3072K)
 Metaspace       used 28671K, committed 29056K, reserved 1114112K
  class space    used 3790K, committed 3968K, reserved 1048576K
}
Event: 44.358 GC heap before
{Heap before GC invocations=7 (full 0):
 garbage-first heap   total 58368K, used 40731K [0x0000000083600000, 0x0000000100000000)
  region size 1024K, 25 young (25600K), 3 survivors (3072K)
 Metaspace       used 32170K, committed 32576K, reserved 1114112K
  class space    used 4229K, committed 4416K, reserved 1048576K
}
Event: 44.373 GC heap after
{Heap after GC invocations=8 (full 0):
 garbage-first heap   total 58368K, used 19854K [0x0000000083600000, 0x0000000100000000)
  region size 1024K, 2 young (2048K), 2 survivors (2048K)
 Metaspace       used 32170K, committed 32576K, reserved 1114112K
  class space    used 4229K, committed 4416K, reserved 1048576K
}
Event: 48.116 GC heap before
{Heap before GC invocations=8 (full 0):
 garbage-first heap   total 58368K, used 32142K [0x0000000083600000, 0x0000000100000000)
  region size 1024K, 16 young (16384K), 2 survivors (2048K)
 Metaspace       used 35556K, committed 35968K, reserved 1114112K
  class space    used 4711K, committed 4928K, reserved 1048576K
}
Event: 48.126 GC heap after
{Heap after GC invocations=9 (full 0):
 garbage-first heap   total 58368K, used 20305K [0x0000000083600000, 0x0000000100000000)
  region size 1024K, 1 young (1024K), 1 survivors (1024K)
 Metaspace       used 35556K, committed 35968K, reserved 1114112K
  class space    used 4711K, committed 4928K, reserved 1048576K
}
Event: 62.791 GC heap before
{Heap before GC invocations=10 (full 0):
 garbage-first heap   total 58368K, used 42833K [0x0000000083600000, 0x0000000100000000)
  region size 1024K, 24 young (24576K), 1 survivors (1024K)
 Metaspace       used 41972K, committed 42368K, reserved 1114112K
  class space    used 5596K, committed 5760K, reserved 1048576K
}
Event: 62.804 GC heap after
{Heap after GC invocations=11 (full 0):
 garbage-first heap   total 58368K, used 22937K [0x0000000083600000, 0x0000000100000000)
  region size 1024K, 3 young (3072K), 3 survivors (3072K)
 Metaspace       used 41972K, committed 42368K, reserved 1114112K
  class space    used 5596K, committed 5760K, reserved 1048576K
}
Event: 112.012 GC heap before
{Heap before GC invocations=11 (full 0):
 garbage-first heap   total 58368K, used 44441K [0x0000000083600000, 0x0000000100000000)
  region size 1024K, 24 young (24576K), 3 survivors (3072K)
 Metaspace       used 46671K, committed 47040K, reserved 1114112K
  class space    used 6187K, committed 6336K, reserved 1048576K
}
Event: 112.071 GC heap after
{Heap after GC invocations=12 (full 0):
 garbage-first heap   total 58368K, used 23826K [0x0000000083600000, 0x0000000100000000)
  region size 1024K, 1 young (1024K), 1 survivors (1024K)
 Metaspace       used 46671K, committed 47040K, reserved 1114112K
  class space    used 6187K, committed 6336K, reserved 1048576K
}
Event: 125.239 GC heap before
{Heap before GC invocations=12 (full 0):
 garbage-first heap   total 58368K, used 45330K [0x0000000083600000, 0x0000000100000000)
  region size 1024K, 22 young (22528K), 1 survivors (1024K)
 Metaspace       used 53037K, committed 53504K, reserved 1114112K
  class space    used 7267K, committed 7488K, reserved 1048576K
}
Event: 125.257 GC heap after
{Heap after GC invocations=13 (full 0):
 garbage-first heap   total 58368K, used 24775K [0x0000000083600000, 0x0000000100000000)
  region size 1024K, 2 young (2048K), 2 survivors (2048K)
 Metaspace       used 53037K, committed 53504K, reserved 1114112K
  class space    used 7267K, committed 7488K, reserved 1048576K
}

