# JRE version: OpenJDK Runtime Environment Temurin-21.0.9+10 (21.0.9+10) (build 21.0.9+10-LTS)
# Java VM: OpenJDK 64-Bit Server VM Temurin-21.0.9+10 (21.0.9+10-LTS, mixed mode, sharing, tiered, compressed oops, compressed class ptrs, parallel gc, windows-amd64)
GC Precious Log:
 CardTable entry size: 512
 CPUs: 8 total, 8 available
 Memory: 7971M
 Large Page Support: Disabled
 NUMA Support: Disabled
 Compressed Oops: Enabled (32-bit)
 Alignments: Space 512K, Generation 512K, Heap 2M
 Heap Min Capacity: 100M
 Heap Initial Capacity: 100M
 Heap Max Capacity: 2G
 Pre-touch: Disabled
 Parallel Workers: 8
Heap:
 PSYoungGen      total 2560K, used 1674K [0x00000000d5580000, 0x00000000d5980000, 0x0000000100000000)
  eden space 2048K, 67% used [0x00000000d5580000,0x00000000d56da918,0x00000000d5780000)
  from space 512K, 56% used [0x00000000d5780000,0x00000000d57c8000,0x00000000d5800000)
  to   space 512K, 0% used [0x00000000d5900000,0x00000000d5900000,0x00000000d5980000)
 ParOldGen       total 562176K, used 561953K [0x0000000080000000, 0x00000000a2500000, 0x00000000d5580000)
  object space 562176K, 99% used [0x0000000080000000,0x00000000a24c8568,0x00000000a2500000)
 Metaspace       used 85755K, committed 87552K, reserved 1179648K
  class space    used 8910K, committed 9728K, reserved 1048576K
GC Heap History (20 events):
Event: 8174.499 GC heap before
{Heap before GC invocations=914 (full 4):
 PSYoungGen      total 4096K, used 3354K [0x00000000d5580000, 0x00000000d5a00000, 0x0000000100000000)
  eden space 3072K, 100% used [0x00000000d5580000,0x00000000d5880000,0x00000000d5880000)
  from space 1024K, 27% used [0x00000000d5880000,0x00000000d58c6900,0x00000000d5980000)
  to   space 512K, 0% used [0x00000000d5980000,0x00000000d5980000,0x00000000d5a00000)
 ParOldGen       total 559104K, used 559049K [0x0000000080000000, 0x00000000a2200000, 0x00000000d5580000)
  object space 559104K, 99% used [0x0000000080000000,0x00000000a21f2510,0x00000000a2200000)
 Metaspace       used 85743K, committed 87552K, reserved 1179648K
  class space    used 8910K, committed 9728K, reserved 1048576K
}
Event: 8174.502 GC heap after
{Heap after GC invocations=914 (full 4):
 PSYoungGen      total 3584K, used 512K [0x00000000d5580000, 0x00000000d5a80000, 0x0000000100000000)
  eden space 3072K, 0% used [0x00000000d5580000,0x00000000d5580000,0x00000000d5880000)
  from space 512K, 100% used [0x00000000d5980000,0x00000000d5a00000,0x00000000d5a00000)
  to   space 1024K, 0% used [0x00000000d5880000,0x00000000d5880000,0x00000000d5980000)
 ParOldGen       total 559616K, used 559173K [0x0000000080000000, 0x00000000a2280000, 0x00000000d5580000)
  object space 559616K, 99% used [0x0000000080000000,0x00000000a2211710,0x00000000a2280000)
 Metaspace       used 85743K, committed 87552K, reserved 1179648K
  class space    used 8910K, committed 9728K, reserved 1048576K
}
Event: 8175.103 GC heap before
{Heap before GC invocations=915 (full 4):
 PSYoungGen      total 3584K, used 3584K [0x00000000d5580000, 0x00000000d5a80000, 0x0000000100000000)
  eden space 3072K, 100% used [0x00000000d5580000,0x00000000d5880000,0x00000000d5880000)
  from space 512K, 100% used [0x00000000d5980000,0x00000000d5a00000,0x00000000d5a00000)
  to   space 1024K, 0% used [0x00000000d5880000,0x00000000d5880000,0x00000000d5980000)
 ParOldGen       total 559616K, used 559173K [0x0000000080000000, 0x00000000a2280000, 0x00000000d5580000)
  object space 559616K, 99% used [0x0000000080000000,0x00000000a2211710,0x00000000a2280000)
 Metaspace       used 85743K, committed 87552K, reserved 1179648K
  class space    used 8910K, committed 9728K, reserved 1048576K
}
Event: 8175.108 GC heap after
{Heap after GC invocations=915 (full 4):
 PSYoungGen      total 4096K, used 634K [0x00000000d5580000, 0x00000000d5a80000, 0x0000000100000000)
  eden space 3072K, 0% used [0x00000000d5580000,0x00000000d5580000,0x00000000d5880000)
  from space 1024K, 61% used [0x00000000d5880000,0x00000000d591e900,0x00000000d5980000)
  to   space 1024K, 0% used [0x00000000d5980000,0x00000000d5980000,0x00000000d5a80000)
 ParOldGen       total 560128K, used 559629K [0x0000000080000000, 0x00000000a2300000, 0x00000000d5580000)
  object space 560128K, 99% used [0x0000000080000000,0x00000000a2283720,0x00000000a2300000)
 Metaspace       used 85743K, committed 87552K, reserved 1179648K
  class space    used 8910K, committed 9728K, reserved 1048576K
}
Event: 8175.127 GC heap before
{Heap before GC invocations=916 (full 4):
 PSYoungGen      total 4096K, used 3706K [0x00000000d5580000, 0x00000000d5a80000, 0x0000000100000000)
  eden space 3072K, 100% used [0x00000000d5580000,0x00000000d5880000,0x00000000d5880000)
  from space 1024K, 61% used [0x00000000d5880000,0x00000000d591e900,0x00000000d5980000)
  to   space 1024K, 0% used [0x00000000d5980000,0x00000000d5980000,0x00000000d5a80000)
 ParOldGen       total 560128K, used 559629K [0x0000000080000000, 0x00000000a2300000, 0x00000000d5580000)
  object space 560128K, 99% used [0x0000000080000000,0x00000000a2283720,0x00000000a2300000)
 Metaspace       used 85743K, committed 87552K, reserved 1179648K
  class space    used 8910K, committed 9728K, reserved 1048576K
}
Event: 8175.130 GC heap after
{Heap after GC invocations=916 (full 4):
 PSYoungGen      total 4096K, used 628K [0x00000000d5580000, 0x00000000d5a80000, 0x0000000100000000)
  eden space 3072K, 0% used [0x00000000d5580000,0x00000000d5580000,0x00000000d5880000)
  from space 1024K, 61% used [0x00000000d5980000,0x00000000d5a1d200,0x00000000d5a80000)
  to   space 1024K, 0% used [0x00000000d5880000,0x00000000d5880000,0x00000000d5980000)
 ParOldGen       total 560128K, used 560106K [0x0000000080000000, 0x00000000a2300000, 0x00000000d5580000)
  object space 560128K, 99% used [0x0000000080000000,0x00000000a22fa930,0x00000000a2300000)
 Metaspace       used 85743K, committed 87552K, reserved 1179648K
  class space    used 8910K, committed 9728K, reserved 1048576K
}
Event: 8421.212 GC heap before
{Heap before GC invocations=917 (full 4):
 PSYoungGen      total 4096K, used 3700K [0x00000000d5580000, 0x00000000d5a80000, 0x0000000100000000)
  eden space 3072K, 100% used [0x00000000d5580000,0x00000000d5880000,0x00000000d5880000)
  from space 1024K, 61% used [0x00000000d5980000,0x00000000d5a1d200,0x00000000d5a80000)
  to   space 1024K, 0% used [0x00000000d5880000,0x00000000d5880000,0x00000000d5980000)
 ParOldGen       total 560128K, used 560106K [0x0000000080000000, 0x00000000a2300000, 0x00000000d5580000)
  object space 560128K, 99% used [0x0000000080000000,0x00000000a22fa930,0x00000000a2300000)
 Metaspace       used 85743K, committed 87552K, reserved 1179648K
  class space    used 8910K, committed 9728K, reserved 1048576K
}
Event: 8421.357 GC heap after
{Heap after GC invocations=917 (full 4):
 PSYoungGen      total 4096K, used 320K [0x00000000d5580000, 0x00000000d5a00000, 0x0000000100000000)
  eden space 3072K, 0% used [0x00000000d5580000,0x00000000d5580000,0x00000000d5880000)
  from space 1024K, 31% used [0x00000000d5880000,0x00000000d58d0000,0x00000000d5980000)
  to   space 512K, 0% used [0x00000000d5980000,0x00000000d5980000,0x00000000d5a00000)
 ParOldGen       total 560640K, used 560638K [0x0000000080000000, 0x00000000a2380000, 0x00000000d5580000)
  object space 560640K, 99% used [0x0000000080000000,0x00000000a237fb40,0x00000000a2380000)
 Metaspace       used 85743K, committed 87552K, reserved 1179648K
  class space    used 8910K, committed 9728K, reserved 1048576K
}
Event: 8593.797 GC heap before
{Heap before GC invocations=918 (full 4):
 PSYoungGen      total 4096K, used 3293K [0x00000000d5580000, 0x00000000d5a00000, 0x0000000100000000)
  eden space 3072K, 96% used [0x00000000d5580000,0x00000000d58674b0,0x00000000d5880000)
  from space 1024K, 31% used [0x00000000d5880000,0x00000000d58d0000,0x00000000d5980000)
  to   space 512K, 0% used [0x00000000d5980000,0x00000000d5980000,0x00000000d5a00000)
 ParOldGen       total 560640K, used 560638K [0x0000000080000000, 0x00000000a2380000, 0x00000000d5580000)
  object space 560640K, 99% used [0x0000000080000000,0x00000000a237fb40,0x00000000a2380000)
 Metaspace       used 85752K, committed 87552K, reserved 1179648K
  class space    used 8910K, committed 9728K, reserved 1048576K
}
Event: 8593.923 GC heap after
{Heap after GC invocations=918 (full 4):
 PSYoungGen      total 2560K, used 500K [0x00000000d5580000, 0x00000000d5c80000, 0x0000000100000000)
  eden space 2048K, 0% used [0x00000000d5580000,0x00000000d5580000,0x00000000d5780000)
  from space 512K, 97% used [0x00000000d5980000,0x00000000d59fd060,0x00000000d5a00000)
  to   space 2048K, 0% used [0x00000000d5780000,0x00000000d5780000,0x00000000d5980000)
 ParOldGen       total 562176K, used 561625K [0x0000000080000000, 0x00000000a2500000, 0x00000000d5580000)
  object space 562176K, 99% used [0x0000000080000000,0x00000000a2476558,0x00000000a2500000)
 Metaspace       used 85752K, committed 87552K, reserved 1179648K
  class space    used 8910K, committed 9728K, reserved 1048576K
}
Event: 8593.984 GC heap before
{Heap before GC invocations=919 (full 4):
 PSYoungGen      total 2560K, used 2511K [0x00000000d5580000, 0x00000000d5c80000, 0x0000000100000000)
  eden space 2048K, 98% used [0x00000000d5580000,0x00000000d5776f50,0x00000000d5780000)
  from space 512K, 97% used [0x00000000d5980000,0x00000000d59fd060,0x00000000d5a00000)
  to   space 2048K, 0% used [0x00000000d5780000,0x00000000d5780000,0x00000000d5980000)
 ParOldGen       total 562176K, used 561625K [0x0000000080000000, 0x00000000a2500000, 0x00000000d5580000)
  object space 562176K, 99% used [0x0000000080000000,0x00000000a2476558,0x00000000a2500000)
 Metaspace       used 85752K, committed 87552K, reserved 1179648K
  class space    used 8910K, committed 9728K, reserved 1048576K
}
Event: 8593.988 GC heap after
{Heap after GC invocations=919 (full 4):
 PSYoungGen      total 2560K, used 160K [0x00000000d5580000, 0x00000000d5a00000, 0x0000000100000000)
  eden space 2048K, 0% used [0x00000000d5580000,0x00000000d5580000,0x00000000d5780000)
  from space 512K, 31% used [0x00000000d5780000,0x00000000d57a8000,0x00000000d5800000)
  to   space 1024K, 0% used [0x00000000d5900000,0x00000000d5900000,0x00000000d5a00000)
 ParOldGen       total 562176K, used 561785K [0x0000000080000000, 0x00000000a2500000, 0x00000000d5580000)
  object space 562176K, 99% used [0x0000000080000000,0x00000000a249e568,0x00000000a2500000)
 Metaspace       used 85752K, committed 87552K, reserved 1179648K
  class space    used 8910K, committed 9728K, reserved 1048576K
}
Event: 8594.077 GC heap before
{Heap before GC invocations=920 (full 4):
 PSYoungGen      total 2560K, used 2094K [0x00000000d5580000, 0x00000000d5a00000, 0x0000000100000000)
  eden space 2048K, 94% used [0x00000000d5580000,0x00000000d5763be8,0x00000000d5780000)
  from space 512K, 31% used [0x00000000d5780000,0x00000000d57a8000,0x00000000d5800000)
  to   space 1024K, 0% used [0x00000000d5900000,0x00000000d5900000,0x00000000d5a00000)
 ParOldGen       total 562176K, used 561785K [0x0000000080000000, 0x00000000a2500000, 0x00000000d5580000)
  object space 562176K, 99% used [0x0000000080000000,0x00000000a249e568,0x00000000a2500000)
 Metaspace       used 85752K, committed 87552K, reserved 1179648K
  class space    used 8910K, committed 9728K, reserved 1048576K
}
Event: 8594.079 GC heap after
{Heap after GC invocations=920 (full 4):
 PSYoungGen      total 2560K, used 192K [0x00000000d5580000, 0x00000000d5980000, 0x0000000100000000)
  eden space 2048K, 0% used [0x00000000d5580000,0x00000000d5580000,0x00000000d5780000)
  from space 512K, 37% used [0x00000000d5900000,0x00000000d5930000,0x00000000d5980000)
  to   space 512K, 0% used [0x00000000d5780000,0x00000000d5780000,0x00000000d5800000)
 ParOldGen       total 562176K, used 561817K [0x0000000080000000, 0x00000000a2500000, 0x00000000d5580000)
  object space 562176K, 99% used [0x0000000080000000,0x00000000a24a6568,0x00000000a2500000)
 Metaspace       used 85752K, committed 87552K, reserved 1179648K
  class space    used 8910K, committed 9728K, reserved 1048576K
}
Event: 8594.141 GC heap before
{Heap before GC invocations=921 (full 4):
 PSYoungGen      total 2560K, used 2240K [0x00000000d5580000, 0x00000000d5980000, 0x0000000100000000)
  eden space 2048K, 100% used [0x00000000d5580000,0x00000000d5780000,0x00000000d5780000)
  from space 512K, 37% used [0x00000000d5900000,0x00000000d5930000,0x00000000d5980000)
  to   space 512K, 0% used [0x00000000d5780000,0x00000000d5780000,0x00000000d5800000)
 ParOldGen       total 562176K, used 561817K [0x0000000080000000, 0x00000000a2500000, 0x00000000d5580000)
  object space 562176K, 99% used [0x0000000080000000,0x00000000a24a6568,0x00000000a2500000)
 Metaspace       used 85752K, committed 87552K, reserved 1179648K
  class space    used 8910K, committed 9728K, reserved 1048576K
}
Event: 8594.143 GC heap after
{Heap after GC invocations=921 (full 4):
 PSYoungGen      total 2560K, used 192K [0x00000000d5580000, 0x00000000d5980000, 0x0000000100000000)
  eden space 2048K, 0% used [0x00000000d5580000,0x00000000d5580000,0x00000000d5780000)
  from space 512K, 37% used [0x00000000d5780000,0x00000000d57b0000,0x00000000d5800000)
  to   space 512K, 0% used [0x00000000d5900000,0x00000000d5900000,0x00000000d5980000)
 ParOldGen       total 562176K, used 561857K [0x0000000080000000, 0x00000000a2500000, 0x00000000d5580000)
  object space 562176K, 99% used [0x0000000080000000,0x00000000a24b0568,0x00000000a2500000)
 Metaspace       used 85752K, committed 87552K, reserved 1179648K
  class space    used 8910K, committed 9728K, reserved 1048576K
}
Event: 8594.263 GC heap before
{Heap before GC invocations=922 (full 4):
 PSYoungGen      total 2560K, used 2240K [0x00000000d5580000, 0x00000000d5980000, 0x0000000100000000)
  eden space 2048K, 100% used [0x00000000d5580000,0x00000000d5780000,0x00000000d5780000)
  from space 512K, 37% used [0x00000000d5780000,0x00000000d57b0000,0x00000000d5800000)
  to   space 512K, 0% used [0x00000000d5900000,0x00000000d5900000,0x00000000d5980000)
 ParOldGen       total 562176K, used 561857K [0x0000000080000000, 0x00000000a2500000, 0x00000000d5580000)
  object space 562176K, 99% used [0x0000000080000000,0x00000000a24b0568,0x00000000a2500000)
 Metaspace       used 85752K, committed 87552K, reserved 1179648K
  class space    used 8910K, committed 9728K, reserved 1048576K
}
Event: 8594.266 GC heap after
{Heap after GC invocations=922 (full 4):
 PSYoungGen      total 2560K, used 256K [0x00000000d5580000, 0x00000000d5980000, 0x0000000100000000)
  eden space 2048K, 0% used [0x00000000d5580000,0x00000000d5580000,0x00000000d5780000)
  from space 512K, 50% used [0x00000000d5900000,0x00000000d5940000,0x00000000d5980000)
  to   space 512K, 0% used [0x00000000d5780000,0x00000000d5780000,0x00000000d5800000)
 ParOldGen       total 562176K, used 561913K [0x0000000080000000, 0x00000000a2500000, 0x00000000d5580000)
  object space 562176K, 99% used [0x0000000080000000,0x00000000a24be568,0x00000000a2500000)
 Metaspace       used 85752K, committed 87552K, reserved 1179648K
  class space    used 8910K, committed 9728K, reserved 1048576K
}
Event: 8594.427 GC heap before
{Heap before GC invocations=923 (full 4):
 PSYoungGen      total 2560K, used 2304K [0x00000000d5580000, 0x00000000d5980000, 0x0000000100000000)
  eden space 2048K, 100% used [0x00000000d5580000,0x00000000d5780000,0x00000000d5780000)
  from space 512K, 50% used [0x00000000d5900000,0x00000000d5940000,0x00000000d5980000)
  to   space 512K, 0% used [0x00000000d5780000,0x00000000d5780000,0x00000000d5800000)
 ParOldGen       total 562176K, used 561913K [0x0000000080000000, 0x00000000a2500000, 0x00000000d5580000)
  object space 562176K, 99% used [0x0000000080000000,0x00000000a24be568,0x00000000a2500000)
 Metaspace       used 85752K, committed 87552K, reserved 1179648K
  class space    used 8910K, committed 9728K, reserved 1048576K
}
Event: 8594.431 GC heap after
{Heap after GC invocations=923 (full 4):
 PSYoungGen      total 2560K, used 288K [0x00000000d5580000, 0x00000000d5980000, 0x0000000100000000)
  eden space 2048K, 0% used [0x00000000d5580000,0x00000000d5580000,0x00000000d5780000)
  from space 512K, 56% used [0x00000000d5780000,0x00000000d57c8000,0x00000000d5800000)
  to   space 512K, 0% used [0x00000000d5900000,0x00000000d5900000,0x00000000d5980000)
 ParOldGen       total 562176K, used 561953K [0x0000000080000000, 0x00000000a2500000, 0x00000000d5580000)
  object space 562176K, 99% used [0x0000000080000000,0x00000000a24c8568,0x00000000a2500000)
 Metaspace       used 85752K, committed 87552K, reserved 1179648K
  class space    used 8910K, committed 9728K, reserved 1048576K
}

