# JRE version: Java(TM) SE Runtime Environment (17.0.9+11) (build 17.0.9+11-LTS-201)
# Java VM: Java HotSpot(TM) 64-Bit Server VM (17.0.9+11-LTS-201, mixed mode, sharing, tiered, compressed oops, compressed class ptrs, g1 gc, windows-amd64)
GC Precious Log:
 CPUs: 8 total, 8 available
 Memory: 7971M
 Large Page Support: Disabled
 NUMA Support: Disabled
 Compressed Oops: Enabled (32-bit)
 Heap Region Size: 1M
 Heap Min Capacity: 8M
 Heap Initial Capacity: 126M
 Heap Max Capacity: 1994M
 Pre-touch: Disabled
 Parallel Workers: 8
 Concurrent Workers: 2
 Concurrent Refinement Workers: 8
 Periodic GC: Disabled
Heap:
 garbage-first heap   total 55296K, used 35624K [0x0000000083600000, 0x0000000100000000)
  region size 1024K, 19 young (19456K), 2 survivors (2048K)
 Metaspace       used 35297K, committed 35712K, reserved 1114112K
  class space    used 4677K, committed 4864K, reserved 1048576K
GC Heap History (14 events):
Event: 8.671 GC heap before
{Heap before GC invocations=0 (full 0):
 garbage-first heap   total 129024K, used 23552K [0x0000000083600000, 0x0000000100000000)
  region size 1024K, 23 young (23552K), 0 survivors (0K)
 Metaspace       used 6017K, committed 6144K, reserved 1114112K
  class space    used 712K, committed 768K, reserved 1048576K
}
Event: 8.727 GC heap after
{Heap after GC invocations=1 (full 0):
 garbage-first heap   total 129024K, used 7411K [0x0000000083600000, 0x0000000100000000)
  region size 1024K, 3 young (3072K), 3 survivors (3072K)
 Metaspace       used 6017K, committed 6144K, reserved 1114112K
  class space    used 712K, committed 768K, reserved 1048576K
}
Event: 15.125 GC heap before
{Heap before GC invocations=1 (full 0):
 garbage-first heap   total 129024K, used 30963K [0x0000000083600000, 0x0000000100000000)
  region size 1024K, 27 young (27648K), 3 survivors (3072K)
 Metaspace       used 11773K, committed 12032K, reserved 1114112K
  class space    used 1584K, committed 1728K, reserved 1048576K
}
Event: 15.136 GC heap after
{Heap after GC invocations=2 (full 0):
 garbage-first heap   total 129024K, used 9352K [0x0000000083600000, 0x0000000100000000)
  region size 1024K, 2 young (2048K), 2 survivors (2048K)
 Metaspace       used 11773K, committed 12032K, reserved 1114112K
  class space    used 1584K, committed 1728K, reserved 1048576K
}
Event: 24.029 GC heap before
{Heap before GC invocations=2 (full 0):
 garbage-first heap   total 129024K, used 59528K [0x0000000083600000, 0x0000000100000000)
  region size 1024K, 52 young (53248K), 2 survivors (2048K)
 Metaspace       used 21273K, committed 21504K, reserved 1114112K
  class space    used 2708K, committed 2816K, reserved 1048576K
}
Event: 24.045 GC heap after
{Heap after GC invocations=3 (full 0):
 garbage-first heap   total 129024K, used 14139K [0x0000000083600000, 0x0000000100000000)
  region size 1024K, 7 young (7168K), 7 survivors (7168K)
 Metaspace       used 21273K, committed 21504K, reserved 1114112K
  class space    used 2708K, committed 2816K, reserved 1048576K
}
Event: 30.339 GC heap before
{Heap before GC invocations=4 (full 0):
 garbage-first heap   total 55296K, used 39739K [0x0000000083600000, 0x0000000100000000)
  region size 1024K, 32 young (32768K), 7 survivors (7168K)
 Metaspace       used 24409K, committed 24640K, reserved 1114112K
  class space    used 3152K, committed 3264K, reserved 1048576K
}
Event: 30.360 GC heap after
{Heap after GC invocations=5 (full 0):
 garbage-first heap   total 55296K, used 15478K [0x0000000083600000, 0x0000000100000000)
  region size 1024K, 2 young (2048K), 2 survivors (2048K)
 Metaspace       used 24409K, committed 24640K, reserved 1114112K
  class space    used 3152K, committed 3264K, reserved 1048576K
}
Event: 30.467 GC heap before
{Heap before GC invocations=5 (full 0):
 garbage-first heap   total 55296K, used 16502K [0x0000000083600000, 0x0000000100000000)
  region size 1024K, 3 young (3072K), 2 survivors (2048K)
 Metaspace       used 24511K, committed 24768K, reserved 1114112K
  class space    used 3164K, committed 3264K, reserved 1048576K
}
Event: 30.474 GC heap after
{Heap after GC invocations=6 (full 0):
 garbage-first heap   total 55296K, used 15734K [0x0000000083600000, 0x0000000100000000)
  region size 1024K, 1 young (1024K), 1 survivors (1024K)
 Metaspace       used 24511K, committed 24768K, reserved 1114112K
  class space    used 3164K, committed 3264K, reserved 1048576K
}
Event: 37.854 GC heap before
{Heap before GC invocations=6 (full 0):
 garbage-first heap   total 55296K, used 37238K [0x0000000083600000, 0x0000000100000000)
  region size 1024K, 22 young (22528K), 1 survivors (1024K)
 Metaspace       used 28346K, committed 28736K, reserved 1114112K
  class space    used 3729K, committed 3904K, reserved 1048576K
}
Event: 37.871 GC heap after
{Heap after GC invocations=7 (full 0):
 garbage-first heap   total 55296K, used 17550K [0x0000000083600000, 0x0000000100000000)
  region size 1024K, 3 young (3072K), 3 survivors (3072K)
 Metaspace       used 28346K, committed 28736K, reserved 1114112K
  class space    used 3729K, committed 3904K, reserved 1048576K
}
Event: 99.831 GC heap before
{Heap before GC invocations=7 (full 0):
 garbage-first heap   total 55296K, used 39054K [0x0000000083600000, 0x0000000100000000)
  region size 1024K, 24 young (24576K), 3 survivors (3072K)
 Metaspace       used 31774K, committed 32192K, reserved 1114112K
  class space    used 4159K, committed 4352K, reserved 1048576K
}
Event: 99.881 GC heap after
{Heap after GC invocations=8 (full 0):
 garbage-first heap   total 55296K, used 19240K [0x0000000083600000, 0x0000000100000000)
  region size 1024K, 2 young (2048K), 2 survivors (2048K)
 Metaspace       used 31774K, committed 32192K, reserved 1114112K
  class space    used 4159K, committed 4352K, reserved 1048576K
}

