# JRE version: OpenJDK Runtime Environment Temurin-21.0.9+10 (21.0.9+10) (build 21.0.9+10-LTS)
# Java VM: OpenJDK 64-Bit Server VM Temurin-21.0.9+10 (21.0.9+10-LTS, mixed mode, sharing, tiered, compressed oops, compressed class ptrs, parallel gc, windows-amd64)
GC Precious Log:
 CardTable entry size: 512
 CPUs: 8 total, 8 available
 Memory: 7971M
 Large Page Support: Disabled
 NUMA Support: Disabled
 Compressed Oops: Enabled (32-bit)
 Alignments: Space 512K, Generation 512K, Heap 2M
 Heap Min Capacity: 100M
 Heap Initial Capacity: 100M
 Heap Max Capacity: 2G
 Pre-touch: Disabled
 Parallel Workers: 8
Heap:
 PSYoungGen      total 7168K, used 4834K [0x00000000d5580000, 0x00000000d5d80000, 0x0000000100000000)
  eden space 6656K, 68% used [0x00000000d5580000,0x00000000d59f09d0,0x00000000d5c00000)
  from space 512K, 56% used [0x00000000d5d00000,0x00000000d5d48000,0x00000000d5d80000)
  to   space 512K, 0% used [0x00000000d5c80000,0x00000000d5c80000,0x00000000d5d00000)
 ParOldGen       total 987648K, used 987419K [0x0000000080000000, 0x00000000bc480000, 0x00000000d5580000)
  object space 987648K, 99% used [0x0000000080000000,0x00000000bc446c68,0x00000000bc480000)
 Metaspace       used 92842K, committed 94720K, reserved 1179648K
  class space    used 9700K, committed 10560K, reserved 1048576K
GC Heap History (20 events):
Event: 3571.134 GC heap before
{Heap before GC invocations=1222 (full 4):
 PSYoungGen      total 7168K, used 6879K [0x00000000d5580000, 0x00000000d5d80000, 0x0000000100000000)
  eden space 6656K, 100% used [0x00000000d5580000,0x00000000d5c00000,0x00000000d5c00000)
  from space 512K, 43% used [0x00000000d5d00000,0x00000000d5d37f70,0x00000000d5d80000)
  to   space 512K, 0% used [0x00000000d5c80000,0x00000000d5c80000,0x00000000d5d00000)
 ParOldGen       total 986112K, used 985863K [0x0000000080000000, 0x00000000bc300000, 0x00000000d5580000)
  object space 986112K, 99% used [0x0000000080000000,0x00000000bc2c1c80,0x00000000bc300000)
 Metaspace       used 92584K, committed 94464K, reserved 1179648K
  class space    used 9673K, committed 10560K, reserved 1048576K
}
Event: 3571.136 GC heap after
{Heap after GC invocations=1222 (full 4):
 PSYoungGen      total 7168K, used 288K [0x00000000d5580000, 0x00000000d5d80000, 0x0000000100000000)
  eden space 6656K, 0% used [0x00000000d5580000,0x00000000d5580000,0x00000000d5c00000)
  from space 512K, 56% used [0x00000000d5c80000,0x00000000d5cc8000,0x00000000d5d00000)
  to   space 512K, 0% used [0x00000000d5d00000,0x00000000d5d00000,0x00000000d5d80000)
 ParOldGen       total 986112K, used 985903K [0x0000000080000000, 0x00000000bc300000, 0x00000000d5580000)
  object space 986112K, 99% used [0x0000000080000000,0x00000000bc2cbc80,0x00000000bc300000)
 Metaspace       used 92584K, committed 94464K, reserved 1179648K
  class space    used 9673K, committed 10560K, reserved 1048576K
}
Event: 3571.151 GC heap before
{Heap before GC invocations=1223 (full 4):
 PSYoungGen      total 7168K, used 6944K [0x00000000d5580000, 0x00000000d5d80000, 0x0000000100000000)
  eden space 6656K, 100% used [0x00000000d5580000,0x00000000d5c00000,0x00000000d5c00000)
  from space 512K, 56% used [0x00000000d5c80000,0x00000000d5cc8000,0x00000000d5d00000)
  to   space 512K, 0% used [0x00000000d5d00000,0x00000000d5d00000,0x00000000d5d80000)
 ParOldGen       total 986112K, used 985903K [0x0000000080000000, 0x00000000bc300000, 0x00000000d5580000)
  object space 986112K, 99% used [0x0000000080000000,0x00000000bc2cbc80,0x00000000bc300000)
 Metaspace       used 92589K, committed 94464K, reserved 1179648K
  class space    used 9674K, committed 10560K, reserved 1048576K
}
Event: 3571.153 GC heap after
{Heap after GC invocations=1223 (full 4):
 PSYoungGen      total 7168K, used 509K [0x00000000d5580000, 0x00000000d5e00000, 0x0000000100000000)
  eden space 6656K, 0% used [0x00000000d5580000,0x00000000d5580000,0x00000000d5c00000)
  from space 512K, 99% used [0x00000000d5d00000,0x00000000d5d7f4c8,0x00000000d5d80000)
  to   space 1024K, 0% used [0x00000000d5c00000,0x00000000d5c00000,0x00000000d5d00000)
 ParOldGen       total 986112K, used 986104K [0x0000000080000000, 0x00000000bc300000, 0x00000000d5580000)
  object space 986112K, 99% used [0x0000000080000000,0x00000000bc2fe080,0x00000000bc300000)
 Metaspace       used 92589K, committed 94464K, reserved 1179648K
  class space    used 9674K, committed 10560K, reserved 1048576K
}
Event: 3571.161 GC heap before
{Heap before GC invocations=1224 (full 4):
 PSYoungGen      total 7168K, used 7165K [0x00000000d5580000, 0x00000000d5e00000, 0x0000000100000000)
  eden space 6656K, 100% used [0x00000000d5580000,0x00000000d5c00000,0x00000000d5c00000)
  from space 512K, 99% used [0x00000000d5d00000,0x00000000d5d7f4c8,0x00000000d5d80000)
  to   space 1024K, 0% used [0x00000000d5c00000,0x00000000d5c00000,0x00000000d5d00000)
 ParOldGen       total 986112K, used 986104K [0x0000000080000000, 0x00000000bc300000, 0x00000000d5580000)
  object space 986112K, 99% used [0x0000000080000000,0x00000000bc2fe080,0x00000000bc300000)
 Metaspace       used 92589K, committed 94464K, reserved 1179648K
  class space    used 9674K, committed 10560K, reserved 1048576K
}
Event: 3571.163 GC heap after
{Heap after GC invocations=1224 (full 4):
 PSYoungGen      total 7680K, used 256K [0x00000000d5580000, 0x00000000d5d80000, 0x0000000100000000)
  eden space 6656K, 0% used [0x00000000d5580000,0x00000000d5580000,0x00000000d5c00000)
  from space 1024K, 25% used [0x00000000d5c00000,0x00000000d5c40000,0x00000000d5d00000)
  to   space 512K, 0% used [0x00000000d5d00000,0x00000000d5d00000,0x00000000d5d80000)
 ParOldGen       total 986624K, used 986611K [0x0000000080000000, 0x00000000bc380000, 0x00000000d5580000)
  object space 986624K, 99% used [0x0000000080000000,0x00000000bc37cc48,0x00000000bc380000)
 Metaspace       used 92589K, committed 94464K, reserved 1179648K
  class space    used 9674K, committed 10560K, reserved 1048576K
}
Event: 3571.179 GC heap before
{Heap before GC invocations=1225 (full 4):
 PSYoungGen      total 7680K, used 6912K [0x00000000d5580000, 0x00000000d5d80000, 0x0000000100000000)
  eden space 6656K, 100% used [0x00000000d5580000,0x00000000d5c00000,0x00000000d5c00000)
  from space 1024K, 25% used [0x00000000d5c00000,0x00000000d5c40000,0x00000000d5d00000)
  to   space 512K, 0% used [0x00000000d5d00000,0x00000000d5d00000,0x00000000d5d80000)
 ParOldGen       total 986624K, used 986611K [0x0000000080000000, 0x00000000bc380000, 0x00000000d5580000)
  object space 986624K, 99% used [0x0000000080000000,0x00000000bc37cc48,0x00000000bc380000)
 Metaspace       used 92592K, committed 94464K, reserved 1179648K
  class space    used 9674K, committed 10560K, reserved 1048576K
}
Event: 3571.183 GC heap after
{Heap after GC invocations=1225 (full 4):
 PSYoungGen      total 7168K, used 288K [0x00000000d5580000, 0x00000000d5d80000, 0x0000000100000000)
  eden space 6656K, 0% used [0x00000000d5580000,0x00000000d5580000,0x00000000d5c00000)
  from space 512K, 56% used [0x00000000d5d00000,0x00000000d5d48000,0x00000000d5d80000)
  to   space 512K, 0% used [0x00000000d5c80000,0x00000000d5c80000,0x00000000d5d00000)
 ParOldGen       total 987136K, used 986747K [0x0000000080000000, 0x00000000bc400000, 0x00000000d5580000)
  object space 987136K, 99% used [0x0000000080000000,0x00000000bc39ec48,0x00000000bc400000)
 Metaspace       used 92592K, committed 94464K, reserved 1179648K
  class space    used 9674K, committed 10560K, reserved 1048576K
}
Event: 3571.200 GC heap before
{Heap before GC invocations=1226 (full 4):
 PSYoungGen      total 7168K, used 6944K [0x00000000d5580000, 0x00000000d5d80000, 0x0000000100000000)
  eden space 6656K, 100% used [0x00000000d5580000,0x00000000d5c00000,0x00000000d5c00000)
  from space 512K, 56% used [0x00000000d5d00000,0x00000000d5d48000,0x00000000d5d80000)
  to   space 512K, 0% used [0x00000000d5c80000,0x00000000d5c80000,0x00000000d5d00000)
 ParOldGen       total 987136K, used 986747K [0x0000000080000000, 0x00000000bc400000, 0x00000000d5580000)
  object space 987136K, 99% used [0x0000000080000000,0x00000000bc39ec48,0x00000000bc400000)
 Metaspace       used 92594K, committed 94464K, reserved 1179648K
  class space    used 9674K, committed 10560K, reserved 1048576K
}
Event: 3571.202 GC heap after
{Heap after GC invocations=1226 (full 4):
 PSYoungGen      total 7168K, used 320K [0x00000000d5580000, 0x00000000d5d80000, 0x0000000100000000)
  eden space 6656K, 0% used [0x00000000d5580000,0x00000000d5580000,0x00000000d5c00000)
  from space 512K, 62% used [0x00000000d5c80000,0x00000000d5cd0288,0x00000000d5d00000)
  to   space 512K, 0% used [0x00000000d5d00000,0x00000000d5d00000,0x00000000d5d80000)
 ParOldGen       total 987136K, used 986875K [0x0000000080000000, 0x00000000bc400000, 0x00000000d5580000)
  object space 987136K, 99% used [0x0000000080000000,0x00000000bc3bec48,0x00000000bc400000)
 Metaspace       used 92594K, committed 94464K, reserved 1179648K
  class space    used 9674K, committed 10560K, reserved 1048576K
}
Event: 3571.215 GC heap before
{Heap before GC invocations=1227 (full 4):
 PSYoungGen      total 7168K, used 6976K [0x00000000d5580000, 0x00000000d5d80000, 0x0000000100000000)
  eden space 6656K, 100% used [0x00000000d5580000,0x00000000d5c00000,0x00000000d5c00000)
  from space 512K, 62% used [0x00000000d5c80000,0x00000000d5cd0288,0x00000000d5d00000)
  to   space 512K, 0% used [0x00000000d5d00000,0x00000000d5d00000,0x00000000d5d80000)
 ParOldGen       total 987136K, used 986875K [0x0000000080000000, 0x00000000bc400000, 0x00000000d5580000)
  object space 987136K, 99% used [0x0000000080000000,0x00000000bc3bec48,0x00000000bc400000)
 Metaspace       used 92594K, committed 94464K, reserved 1179648K
  class space    used 9674K, committed 10560K, reserved 1048576K
}
Event: 3571.217 GC heap after
{Heap after GC invocations=1227 (full 4):
 PSYoungGen      total 7168K, used 271K [0x00000000d5580000, 0x00000000d5d80000, 0x0000000100000000)
  eden space 6656K, 0% used [0x00000000d5580000,0x00000000d5580000,0x00000000d5c00000)
  from space 512K, 52% used [0x00000000d5d00000,0x00000000d5d43cc8,0x00000000d5d80000)
  to   space 512K, 0% used [0x00000000d5c80000,0x00000000d5c80000,0x00000000d5d00000)
 ParOldGen       total 987136K, used 986931K [0x0000000080000000, 0x00000000bc400000, 0x00000000d5580000)
  object space 987136K, 99% used [0x0000000080000000,0x00000000bc3ccc48,0x00000000bc400000)
 Metaspace       used 92594K, committed 94464K, reserved 1179648K
  class space    used 9674K, committed 10560K, reserved 1048576K
}
Event: 3571.236 GC heap before
{Heap before GC invocations=1228 (full 4):
 PSYoungGen      total 7168K, used 6927K [0x00000000d5580000, 0x00000000d5d80000, 0x0000000100000000)
  eden space 6656K, 100% used [0x00000000d5580000,0x00000000d5c00000,0x00000000d5c00000)
  from space 512K, 52% used [0x00000000d5d00000,0x00000000d5d43cc8,0x00000000d5d80000)
  to   space 512K, 0% used [0x00000000d5c80000,0x00000000d5c80000,0x00000000d5d00000)
 ParOldGen       total 987136K, used 986931K [0x0000000080000000, 0x00000000bc400000, 0x00000000d5580000)
  object space 987136K, 99% used [0x0000000080000000,0x00000000bc3ccc48,0x00000000bc400000)
 Metaspace       used 92594K, committed 94464K, reserved 1179648K
  class space    used 9674K, committed 10560K, reserved 1048576K
}
Event: 3571.238 GC heap after
{Heap after GC invocations=1228 (full 4):
 PSYoungGen      total 7168K, used 308K [0x00000000d5580000, 0x00000000d5d80000, 0x0000000100000000)
  eden space 6656K, 0% used [0x00000000d5580000,0x00000000d5580000,0x00000000d5c00000)
  from space 512K, 60% used [0x00000000d5c80000,0x00000000d5ccd200,0x00000000d5d00000)
  to   space 512K, 0% used [0x00000000d5d00000,0x00000000d5d00000,0x00000000d5d80000)
 ParOldGen       total 987136K, used 986979K [0x0000000080000000, 0x00000000bc400000, 0x00000000d5580000)
  object space 987136K, 99% used [0x0000000080000000,0x00000000bc3d8c48,0x00000000bc400000)
 Metaspace       used 92594K, committed 94464K, reserved 1179648K
  class space    used 9674K, committed 10560K, reserved 1048576K
}
Event: 3571.457 GC heap before
{Heap before GC invocations=1229 (full 4):
 PSYoungGen      total 7168K, used 6515K [0x00000000d5580000, 0x00000000d5d80000, 0x0000000100000000)
  eden space 6656K, 93% used [0x00000000d5580000,0x00000000d5b8fc50,0x00000000d5c00000)
  from space 512K, 60% used [0x00000000d5c80000,0x00000000d5ccd200,0x00000000d5d00000)
  to   space 512K, 0% used [0x00000000d5d00000,0x00000000d5d00000,0x00000000d5d80000)
 ParOldGen       total 987136K, used 986979K [0x0000000080000000, 0x00000000bc400000, 0x00000000d5580000)
  object space 987136K, 99% used [0x0000000080000000,0x00000000bc3d8c48,0x00000000bc400000)
 Metaspace       used 92766K, committed 94656K, reserved 1179648K
  class space    used 9695K, committed 10560K, reserved 1048576K
}
Event: 3571.460 GC heap after
{Heap after GC invocations=1229 (full 4):
 PSYoungGen      total 7168K, used 432K [0x00000000d5580000, 0x00000000d5d80000, 0x0000000100000000)
  eden space 6656K, 0% used [0x00000000d5580000,0x00000000d5580000,0x00000000d5c00000)
  from space 512K, 84% used [0x00000000d5d00000,0x00000000d5d6c010,0x00000000d5d80000)
  to   space 512K, 0% used [0x00000000d5c80000,0x00000000d5c80000,0x00000000d5d00000)
 ParOldGen       total 987136K, used 987043K [0x0000000080000000, 0x00000000bc400000, 0x00000000d5580000)
  object space 987136K, 99% used [0x0000000080000000,0x00000000bc3e8c48,0x00000000bc400000)
 Metaspace       used 92766K, committed 94656K, reserved 1179648K
  class space    used 9695K, committed 10560K, reserved 1048576K
}
Event: 3571.492 GC heap before
{Heap before GC invocations=1230 (full 4):
 PSYoungGen      total 7168K, used 7026K [0x00000000d5580000, 0x00000000d5d80000, 0x0000000100000000)
  eden space 6656K, 99% used [0x00000000d5580000,0x00000000d5bf09f8,0x00000000d5c00000)
  from space 512K, 84% used [0x00000000d5d00000,0x00000000d5d6c010,0x00000000d5d80000)
  to   space 512K, 0% used [0x00000000d5c80000,0x00000000d5c80000,0x00000000d5d00000)
 ParOldGen       total 987136K, used 987043K [0x0000000080000000, 0x00000000bc400000, 0x00000000d5580000)
  object space 987136K, 99% used [0x0000000080000000,0x00000000bc3e8c48,0x00000000bc400000)
 Metaspace       used 92766K, committed 94656K, reserved 1179648K
  class space    used 9695K, committed 10560K, reserved 1048576K
}
Event: 3571.494 GC heap after
{Heap after GC invocations=1230 (full 4):
 PSYoungGen      total 7168K, used 128K [0x00000000d5580000, 0x00000000d5d80000, 0x0000000100000000)
  eden space 6656K, 0% used [0x00000000d5580000,0x00000000d5580000,0x00000000d5c00000)
  from space 512K, 25% used [0x00000000d5c80000,0x00000000d5ca0000,0x00000000d5d00000)
  to   space 512K, 0% used [0x00000000d5d00000,0x00000000d5d00000,0x00000000d5d80000)
 ParOldGen       total 987648K, used 987379K [0x0000000080000000, 0x00000000bc480000, 0x00000000d5580000)
  object space 987648K, 99% used [0x0000000080000000,0x00000000bc43cc68,0x00000000bc480000)
 Metaspace       used 92766K, committed 94656K, reserved 1179648K
  class space    used 9695K, committed 10560K, reserved 1048576K
}
Event: 3571.805 GC heap before
{Heap before GC invocations=1231 (full 4):
 PSYoungGen      total 7168K, used 6784K [0x00000000d5580000, 0x00000000d5d80000, 0x0000000100000000)
  eden space 6656K, 100% used [0x00000000d5580000,0x00000000d5c00000,0x00000000d5c00000)
  from space 512K, 25% used [0x00000000d5c80000,0x00000000d5ca0000,0x00000000d5d00000)
  to   space 512K, 0% used [0x00000000d5d00000,0x00000000d5d00000,0x00000000d5d80000)
 ParOldGen       total 987648K, used 987379K [0x0000000080000000, 0x00000000bc480000, 0x00000000d5580000)
  object space 987648K, 99% used [0x0000000080000000,0x00000000bc43cc68,0x00000000bc480000)
 Metaspace       used 92766K, committed 94656K, reserved 1179648K
  class space    used 9695K, committed 10560K, reserved 1048576K
}
Event: 3571.809 GC heap after
{Heap after GC invocations=1231 (full 4):
 PSYoungGen      total 7168K, used 288K [0x00000000d5580000, 0x00000000d5d80000, 0x0000000100000000)
  eden space 6656K, 0% used [0x00000000d5580000,0x00000000d5580000,0x00000000d5c00000)
  from space 512K, 56% used [0x00000000d5d00000,0x00000000d5d48000,0x00000000d5d80000)
  to   space 512K, 0% used [0x00000000d5c80000,0x00000000d5c80000,0x00000000d5d00000)
 ParOldGen       total 987648K, used 987419K [0x0000000080000000, 0x00000000bc480000, 0x00000000d5580000)
  object space 987648K, 99% used [0x0000000080000000,0x00000000bc446c68,0x00000000bc480000)
 Metaspace       used 92766K, committed 94656K, reserved 1179648K
  class space    used 9695K, committed 10560K, reserved 1048576K
}

